{"E:\\unit_test\\lab5\\src\\assets\\css\\login.css": {"path":"E:\\unit_test\\lab5\\src\\assets\\css\\login.css","statementMap":{"0":{"start":{"line":1,"column":0},"end":{"line":1,"column":19}}},"fnMap":{},"branchMap":{},"s":{"0":1},"f":{},"b":{},"_coverageSchema":"43e27e138ebf9cfc5966b082cf9a028302ed4184","hash":"54e0f3f96df55a06f2c55c5763df03562db993f1"}
,"E:\\unit_test\\lab5\\src\\assets\\css\\style-online.css": {"path":"E:\\unit_test\\lab5\\src\\assets\\css\\style-online.css","statementMap":{"0":{"start":{"line":1,"column":0},"end":{"line":1,"column":19}}},"fnMap":{},"branchMap":{},"s":{"0":2},"f":{},"b":{},"_coverageSchema":"43e27e138ebf9cfc5966b082cf9a028302ed4184","hash":"699f0af191eb555a1597f3c65301eb2aa1dd6817"}
,"E:\\unit_test\\lab5\\src\\components\\Category.vue": {"path":"E:\\unit_test\\lab5\\src\\components\\Category.vue","statementMap":{"0":{"start":{"line":15,"column":0},"end":{"line":15,"column":null}},"1":{"start":{"line":20,"column":0},"end":{"line":20,"column":null}},"2":{"start":{"line":26,"column":0},"end":{"line":26,"column":null}}},"fnMap":{"0":{"name":"(anonymous_1)","decl":{"start":{"line":19,"column":0},"end":{"line":19,"column":null}},"loc":{"start":{"line":19,"column":0},"end":{"line":24,"column":null}}},"1":{"name":"(anonymous_2)","decl":{"start":{"line":25,"column":0},"end":{"line":25,"column":null}},"loc":{"start":{"line":25,"column":0},"end":{"line":29,"column":null}}},"2":{"name":"(anonymous_3)","decl":{"start":{"line":26,"column":0},"end":{"line":26,"column":null}},"loc":{"start":{"line":26,"column":0},"end":{"line":26,"column":null}}}},"branchMap":{},"s":{"0":2,"1":1,"2":1},"f":{"0":1,"1":1,"2":0},"b":{}}
,"E:\\unit_test\\lab5\\src\\components\\Login.vue": {"path":"E:\\unit_test\\lab5\\src\\components\\Login.vue","statementMap":{"0":{"start":{"line":43,"column":0},"end":{"line":43,"column":null}},"1":{"start":{"line":44,"column":0},"end":{"line":44,"column":null}},"2":{"start":{"line":49,"column":0},"end":{"line":49,"column":null}},"3":{"start":{"line":57,"column":0},"end":{"line":60,"column":null}},"4":{"start":{"line":58,"column":0},"end":{"line":58,"column":null}},"5":{"start":{"line":59,"column":0},"end":{"line":59,"column":null}},"6":{"start":{"line":61,"column":0},"end":{"line":68,"column":null}},"7":{"start":{"line":63,"column":0},"end":{"line":63,"column":null}},"8":{"start":{"line":66,"column":0},"end":{"line":66,"column":null}},"9":{"start":{"line":67,"column":0},"end":{"line":67,"column":null}},"10":{"start":{"line":72,"column":0},"end":{"line":75,"column":null}},"11":{"start":{"line":73,"column":0},"end":{"line":73,"column":null}},"12":{"start":{"line":74,"column":0},"end":{"line":74,"column":null}},"13":{"start":{"line":77,"column":0},"end":{"line":80,"column":null}},"14":{"start":{"line":78,"column":0},"end":{"line":78,"column":null}},"15":{"start":{"line":79,"column":0},"end":{"line":79,"column":null}}},"fnMap":{"0":{"name":"(anonymous_1)","decl":{"start":{"line":48,"column":0},"end":{"line":48,"column":null}},"loc":{"start":{"line":48,"column":0},"end":{"line":54,"column":null}}},"1":{"name":"(anonymous_2)","decl":{"start":{"line":56,"column":0},"end":{"line":56,"column":null}},"loc":{"start":{"line":56,"column":0},"end":{"line":69,"column":null}}},"2":{"name":"(anonymous_3)","decl":{"start":{"line":61,"column":0},"end":{"line":61,"column":null}},"loc":{"start":{"line":61,"column":0},"end":{"line":64,"column":null}}},"3":{"name":"(anonymous_4)","decl":{"start":{"line":64,"column":0},"end":{"line":64,"column":null}},"loc":{"start":{"line":64,"column":0},"end":{"line":68,"column":null}}},"4":{"name":"(anonymous_5)","decl":{"start":{"line":71,"column":0},"end":{"line":71,"column":null}},"loc":{"start":{"line":71,"column":0},"end":{"line":81,"column":null}}},"5":{"name":"(anonymous_6)","decl":{"start":{"line":72,"column":0},"end":{"line":72,"column":null}},"loc":{"start":{"line":72,"column":0},"end":{"line":75,"column":null}}},"6":{"name":"(anonymous_7)","decl":{"start":{"line":77,"column":0},"end":{"line":77,"column":null}},"loc":{"start":{"line":77,"column":0},"end":{"line":80,"column":null}}}},"branchMap":{"0":{"loc":{"start":{"line":57,"column":0},"end":{"line":60,"column":null}},"type":"if","locations":[{"start":{"line":57,"column":0},"end":{"line":60,"column":null}},{"start":{"line":57,"column":0},"end":{"line":60,"column":null}}]},"1":{"loc":{"start":{"line":57,"column":0},"end":{"line":57,"column":null}},"type":"binary-expr","locations":[{"start":{"line":57,"column":0},"end":{"line":57,"column":null}},{"start":{"line":57,"column":0},"end":{"line":57,"column":null}}]}},"s":{"0":1,"1":1,"2":3,"3":2,"4":1,"5":1,"6":1,"7":1,"8":0,"9":0,"10":3,"11":0,"12":0,"13":3,"14":0,"15":0},"f":{"0":3,"1":2,"2":1,"3":0,"4":3,"5":0,"6":0},"b":{"0":[1,1],"1":[2,1]}}
,"E:\\unit_test\\lab5\\src\\components\\Register.vue": {"path":"E:\\unit_test\\lab5\\src\\components\\Register.vue","statementMap":{"0":{"start":{"line":49,"column":0},"end":{"line":49,"column":null}},"1":{"start":{"line":50,"column":0},"end":{"line":50,"column":null}},"2":{"start":{"line":55,"column":0},"end":{"line":55,"column":null}},"3":{"start":{"line":71,"column":0},"end":{"line":74,"column":null}},"4":{"start":{"line":72,"column":0},"end":{"line":72,"column":null}},"5":{"start":{"line":73,"column":0},"end":{"line":73,"column":null}},"6":{"start":{"line":75,"column":0},"end":{"line":78,"column":null}},"7":{"start":{"line":76,"column":0},"end":{"line":76,"column":null}},"8":{"start":{"line":77,"column":0},"end":{"line":77,"column":null}},"9":{"start":{"line":82,"column":0},"end":{"line":82,"column":null}},"10":{"start":{"line":83,"column":0},"end":{"line":83,"column":null}},"11":{"start":{"line":84,"column":0},"end":{"line":84,"column":null}},"12":{"start":{"line":85,"column":0},"end":{"line":85,"column":null}},"13":{"start":{"line":86,"column":0},"end":{"line":86,"column":null}},"14":{"start":{"line":87,"column":0},"end":{"line":87,"column":null}},"15":{"start":{"line":90,"column":0},"end":{"line":90,"column":null}},"16":{"start":{"line":91,"column":0},"end":{"line":91,"column":null}},"17":{"start":{"line":92,"column":0},"end":{"line":92,"column":null}},"18":{"start":{"line":93,"column":0},"end":{"line":93,"column":null}},"19":{"start":{"line":94,"column":0},"end":{"line":94,"column":null}},"20":{"start":{"line":95,"column":0},"end":{"line":98,"column":null}},"21":{"start":{"line":96,"column":0},"end":{"line":96,"column":null}},"22":{"start":{"line":97,"column":0},"end":{"line":97,"column":null}},"23":{"start":{"line":99,"column":0},"end":{"line":102,"column":null}},"24":{"start":{"line":100,"column":0},"end":{"line":100,"column":null}},"25":{"start":{"line":101,"column":0},"end":{"line":101,"column":null}},"26":{"start":{"line":103,"column":0},"end":{"line":103,"column":null}},"27":{"start":{"line":104,"column":0},"end":{"line":104,"column":null}},"28":{"start":{"line":105,"column":0},"end":{"line":108,"column":null}},"29":{"start":{"line":106,"column":0},"end":{"line":106,"column":null}},"30":{"start":{"line":107,"column":0},"end":{"line":107,"column":null}},"31":{"start":{"line":109,"column":0},"end":{"line":112,"column":null}},"32":{"start":{"line":110,"column":0},"end":{"line":110,"column":null}},"33":{"start":{"line":111,"column":0},"end":{"line":111,"column":null}},"34":{"start":{"line":113,"column":0},"end":{"line":116,"column":null}},"35":{"start":{"line":114,"column":0},"end":{"line":114,"column":null}},"36":{"start":{"line":115,"column":0},"end":{"line":115,"column":null}},"37":{"start":{"line":117,"column":0},"end":{"line":117,"column":null}},"38":{"start":{"line":120,"column":0},"end":{"line":122,"column":null}},"39":{"start":{"line":121,"column":0},"end":{"line":121,"column":null}},"40":{"start":{"line":123,"column":0},"end":{"line":146,"column":null}},"41":{"start":{"line":134,"column":0},"end":{"line":142,"column":null}},"42":{"start":{"line":135,"column":0},"end":{"line":135,"column":null}},"43":{"start":{"line":136,"column":0},"end":{"line":142,"column":null}},"44":{"start":{"line":137,"column":0},"end":{"line":137,"column":null}},"45":{"start":{"line":138,"column":0},"end":{"line":142,"column":null}},"46":{"start":{"line":139,"column":0},"end":{"line":139,"column":null}},"47":{"start":{"line":141,"column":0},"end":{"line":141,"column":null}},"48":{"start":{"line":144,"column":0},"end":{"line":144,"column":null}},"49":{"start":{"line":145,"column":0},"end":{"line":145,"column":null}}},"fnMap":{"0":{"name":"(anonymous_1)","decl":{"start":{"line":54,"column":0},"end":{"line":54,"column":null}},"loc":{"start":{"line":54,"column":0},"end":{"line":69,"column":null}}},"1":{"name":"(anonymous_2)","decl":{"start":{"line":70,"column":0},"end":{"line":70,"column":null}},"loc":{"start":{"line":70,"column":0},"end":{"line":79,"column":null}}},"2":{"name":"(anonymous_3)","decl":{"start":{"line":71,"column":0},"end":{"line":71,"column":null}},"loc":{"start":{"line":71,"column":0},"end":{"line":74,"column":null}}},"3":{"name":"(anonymous_4)","decl":{"start":{"line":75,"column":0},"end":{"line":75,"column":null}},"loc":{"start":{"line":75,"column":0},"end":{"line":78,"column":null}}},"4":{"name":"(anonymous_5)","decl":{"start":{"line":81,"column":0},"end":{"line":81,"column":null}},"loc":{"start":{"line":81,"column":0},"end":{"line":88,"column":null}}},"5":{"name":"(anonymous_6)","decl":{"start":{"line":89,"column":0},"end":{"line":89,"column":null}},"loc":{"start":{"line":89,"column":0},"end":{"line":118,"column":null}}},"6":{"name":"(anonymous_7)","decl":{"start":{"line":119,"column":0},"end":{"line":119,"column":null}},"loc":{"start":{"line":119,"column":0},"end":{"line":147,"column":null}}},"7":{"name":"(anonymous_8)","decl":{"start":{"line":129,"column":0},"end":{"line":129,"column":null}},"loc":{"start":{"line":129,"column":0},"end":{"line":143,"column":null}}},"8":{"name":"(anonymous_9)","decl":{"start":{"line":143,"column":0},"end":{"line":143,"column":null}},"loc":{"start":{"line":143,"column":0},"end":{"line":146,"column":null}}}},"branchMap":{"0":{"loc":{"start":{"line":95,"column":0},"end":{"line":98,"column":null}},"type":"if","locations":[{"start":{"line":95,"column":0},"end":{"line":98,"column":null}},{"start":{"line":95,"column":0},"end":{"line":98,"column":null}}]},"1":{"loc":{"start":{"line":95,"column":0},"end":{"line":95,"column":null}},"type":"binary-expr","locations":[{"start":{"line":95,"column":0},"end":{"line":95,"column":null}},{"start":{"line":95,"column":0},"end":{"line":95,"column":null}},{"start":{"line":95,"column":0},"end":{"line":95,"column":null}}]},"2":{"loc":{"start":{"line":99,"column":0},"end":{"line":102,"column":null}},"type":"if","locations":[{"start":{"line":99,"column":0},"end":{"line":102,"column":null}},{"start":{"line":99,"column":0},"end":{"line":102,"column":null}}]},"3":{"loc":{"start":{"line":105,"column":0},"end":{"line":108,"column":null}},"type":"if","locations":[{"start":{"line":105,"column":0},"end":{"line":108,"column":null}},{"start":{"line":105,"column":0},"end":{"line":108,"column":null}}]},"4":{"loc":{"start":{"line":105,"column":0},"end":{"line":105,"column":null}},"type":"binary-expr","locations":[{"start":{"line":105,"column":0},"end":{"line":105,"column":null}},{"start":{"line":105,"column":0},"end":{"line":105,"column":null}}]},"5":{"loc":{"start":{"line":109,"column":0},"end":{"line":112,"column":null}},"type":"if","locations":[{"start":{"line":109,"column":0},"end":{"line":112,"column":null}},{"start":{"line":109,"column":0},"end":{"line":112,"column":null}}]},"6":{"loc":{"start":{"line":109,"column":0},"end":{"line":109,"column":null}},"type":"binary-expr","locations":[{"start":{"line":109,"column":0},"end":{"line":109,"column":null}},{"start":{"line":109,"column":0},"end":{"line":109,"column":null}}]},"7":{"loc":{"start":{"line":113,"column":0},"end":{"line":116,"column":null}},"type":"if","locations":[{"start":{"line":113,"column":0},"end":{"line":116,"column":null}},{"start":{"line":113,"column":0},"end":{"line":116,"column":null}}]},"8":{"loc":{"start":{"line":120,"column":0},"end":{"line":122,"column":null}},"type":"if","locations":[{"start":{"line":120,"column":0},"end":{"line":122,"column":null}},{"start":{"line":120,"column":0},"end":{"line":122,"column":null}}]},"9":{"loc":{"start":{"line":134,"column":0},"end":{"line":142,"column":null}},"type":"if","locations":[{"start":{"line":134,"column":0},"end":{"line":142,"column":null}},{"start":{"line":134,"column":0},"end":{"line":142,"column":null}}]},"10":{"loc":{"start":{"line":136,"column":0},"end":{"line":142,"column":null}},"type":"if","locations":[{"start":{"line":136,"column":0},"end":{"line":142,"column":null}},{"start":{"line":136,"column":0},"end":{"line":142,"column":null}}]},"11":{"loc":{"start":{"line":138,"column":0},"end":{"line":142,"column":null}},"type":"if","locations":[{"start":{"line":138,"column":0},"end":{"line":142,"column":null}},{"start":{"line":138,"column":0},"end":{"line":142,"column":null}}]}},"s":{"0":1,"1":1,"2":0,"3":0,"4":0,"5":0,"6":0,"7":0,"8":0,"9":0,"10":0,"11":0,"12":0,"13":0,"14":0,"15":0,"16":0,"17":0,"18":0,"19":0,"20":0,"21":0,"22":0,"23":0,"24":0,"25":0,"26":0,"27":0,"28":0,"29":0,"30":0,"31":0,"32":0,"33":0,"34":0,"35":0,"36":0,"37":0,"38":0,"39":0,"40":0,"41":0,"42":0,"43":0,"44":0,"45":0,"46":0,"47":0,"48":0,"49":0},"f":{"0":0,"1":0,"2":0,"3":0,"4":0,"5":0,"6":0,"7":0,"8":0},"b":{"0":[0,0],"1":[0,0,0],"2":[0,0],"3":[0,0],"4":[0,0],"5":[0,0],"6":[0,0],"7":[0,0],"8":[0,0],"9":[0,0],"10":[0,0],"11":[0,0]}}
,"E:\\unit_test\\lab5\\src\\components\\Sushi.vue": {"path":"E:\\unit_test\\lab5\\src\\components\\Sushi.vue","statementMap":{"0":{"start":{"line":36,"column":0},"end":{"line":36,"column":null}},"1":{"start":{"line":37,"column":0},"end":{"line":37,"column":null}},"2":{"start":{"line":39,"column":0},"end":{"line":39,"column":null}},"3":{"start":{"line":40,"column":0},"end":{"line":40,"column":null}},"4":{"start":{"line":51,"column":0},"end":{"line":51,"column":null}},"5":{"start":{"line":56,"column":0},"end":{"line":56,"column":null}},"6":{"start":{"line":67,"column":0},"end":{"line":67,"column":null}},"7":{"start":{"line":70,"column":0},"end":{"line":70,"column":null}}},"fnMap":{"0":{"name":"(anonymous_1)","decl":{"start":{"line":50,"column":0},"end":{"line":50,"column":null}},"loc":{"start":{"line":50,"column":0},"end":{"line":54,"column":null}}},"1":{"name":"(anonymous_2)","decl":{"start":{"line":55,"column":0},"end":{"line":55,"column":null}},"loc":{"start":{"line":55,"column":0},"end":{"line":59,"column":null}}},"2":{"name":"(anonymous_3)","decl":{"start":{"line":56,"column":0},"end":{"line":56,"column":null}},"loc":{"start":{"line":56,"column":0},"end":{"line":56,"column":null}}},"3":{"name":"(anonymous_4)","decl":{"start":{"line":66,"column":0},"end":{"line":66,"column":null}},"loc":{"start":{"line":66,"column":0},"end":{"line":68,"column":null}}},"4":{"name":"(anonymous_5)","decl":{"start":{"line":69,"column":0},"end":{"line":69,"column":null}},"loc":{"start":{"line":69,"column":0},"end":{"line":71,"column":null}}}},"branchMap":{},"s":{"0":1,"1":1,"2":1,"3":1,"4":0,"5":0,"6":0,"7":0},"f":{"0":0,"1":0,"2":0,"3":0,"4":0},"b":{}}
,"E:\\unit_test\\lab5\\src\\components\\Tea.vue": {"path":"E:\\unit_test\\lab5\\src\\components\\Tea.vue","statementMap":{"0":{"start":{"line":36,"column":0},"end":{"line":36,"column":null}},"1":{"start":{"line":37,"column":0},"end":{"line":37,"column":null}},"2":{"start":{"line":39,"column":0},"end":{"line":39,"column":null}},"3":{"start":{"line":40,"column":0},"end":{"line":40,"column":null}},"4":{"start":{"line":51,"column":0},"end":{"line":51,"column":null}},"5":{"start":{"line":56,"column":0},"end":{"line":56,"column":null}},"6":{"start":{"line":67,"column":0},"end":{"line":67,"column":null}},"7":{"start":{"line":70,"column":0},"end":{"line":70,"column":null}}},"fnMap":{"0":{"name":"(anonymous_1)","decl":{"start":{"line":50,"column":0},"end":{"line":50,"column":null}},"loc":{"start":{"line":50,"column":0},"end":{"line":54,"column":null}}},"1":{"name":"(anonymous_2)","decl":{"start":{"line":55,"column":0},"end":{"line":55,"column":null}},"loc":{"start":{"line":55,"column":0},"end":{"line":59,"column":null}}},"2":{"name":"(anonymous_3)","decl":{"start":{"line":56,"column":0},"end":{"line":56,"column":null}},"loc":{"start":{"line":56,"column":0},"end":{"line":56,"column":null}}},"3":{"name":"(anonymous_4)","decl":{"start":{"line":66,"column":0},"end":{"line":66,"column":null}},"loc":{"start":{"line":66,"column":0},"end":{"line":68,"column":null}}},"4":{"name":"(anonymous_5)","decl":{"start":{"line":69,"column":0},"end":{"line":69,"column":null}},"loc":{"start":{"line":69,"column":0},"end":{"line":71,"column":null}}}},"branchMap":{},"s":{"0":2,"1":2,"2":2,"3":2,"4":1,"5":1,"6":0,"7":0},"f":{"0":1,"1":1,"2":0,"3":0,"4":0},"b":{}}
}
